-------------------------------------------------------------------------------
Test set: coverage.loteria.TestLoteria
-------------------------------------------------------------------------------
Tests run: 1, Failures: 1, Errors: 0, Skipped: 0, Time elapsed: 0.585 s <<< FAILURE! - in coverage.loteria.TestLoteria
CartonGenerator  Time elapsed: 0.579 s  <<< FAILURE!
org.opentest4j.AssertionFailedError: expected: <Carton: > but was: <coverage.loteria.model.CartonGenerator@6f43c82>
	at coverage.loteria.TestLoteria.CartonGenerator(TestLoteria.java:27)

