<?xml version="1.0" encoding="UTF-8" standalone="yes"?><!DOCTYPE report PUBLIC "-//JACOCO//DTD Report 1.0//EN" "report.dtd"><report name="coverage.loteria"><sessioninfo id="LAPTOP-CFGFUACD-3f5f4d14" start="1596405995834" dump="1596405997466"/><sessioninfo id="LAPTOP-CFGFUACD-b7ab6dac" start="1596406037999" dump="1596406039632"/><sessioninfo id="LAPTOP-CFGFUACD-275d7ace" start="1596406268877" dump="1596406270372"/><sessioninfo id="LAPTOP-CFGFUACD-b0913369" start="1596406328189" dump="1596406329679"/><sessioninfo id="LAPTOP-CFGFUACD-50c27c51" start="1596406411118" dump="1596406412835"/><sessioninfo id="LAPTOP-CFGFUACD-c17cd553" start="1596406738477" dump="1596406739982"/><sessioninfo id="LAPTOP-CFGFUACD-b0da2dfc" start="1596459355603" dump="1596459358042"/><sessioninfo id="LAPTOP-CFGFUACD-e7e24ca" start="1596459500258" dump="1596459502550"/><sessioninfo id="LAPTOP-CFGFUACD-8816cb5f" start="1596460197930" dump="1596460200188"/><sessioninfo id="LAPTOP-CFGFUACD-71162a0d" start="1596460274833" dump="1596460276885"/><sessioninfo id="LAPTOP-CFGFUACD-dd57b01e" start="1596460327135" dump="1596460329410"/><sessioninfo id="LAPTOP-CFGFUACD-503fd31a" start="1596461992389" dump="1596461994768"/><sessioninfo id="LAPTOP-CFGFUACD-33ebe28b" start="1596462119221" dump="1596462121454"/><sessioninfo id="LAPTOP-CFGFUACD-163d0cb7" start="1596462248950" dump="1596462251223"/><sessioninfo id="LAPTOP-CFGFUACD-4d24f98c" start="1596462289523" dump="1596462291826"/><sessioninfo id="LAPTOP-CFGFUACD-3276b180" start="1596462378358" dump="1596462380706"/><sessioninfo id="LAPTOP-CFGFUACD-a16fd08b" start="1596462415595" dump="1596462417896"/><sessioninfo id="LAPTOP-CFGFUACD-7f95b6ce" start="1596463023196" dump="1596463025625"/><sessioninfo id="LAPTOP-CFGFUACD-3177f041" start="1596463878943" dump="1596463880010"/><sessioninfo id="LAPTOP-CFGFUACD-f28f4b44" start="1596464007503" dump="1596464010004"/><sessioninfo id="LAPTOP-CFGFUACD-533caf50" start="1596474127621" dump="1596474130265"/><sessioninfo id="LAPTOP-CFGFUACD-8db7128c" start="1596474232261" dump="1596474234752"/><sessioninfo id="LAPTOP-CFGFUACD-5604a35d" start="1596474561069" dump="1596474563702"/><sessioninfo id="LAPTOP-CFGFUACD-65921a4b" start="1596474906901" dump="1596474909484"/><sessioninfo id="LAPTOP-CFGFUACD-b01c983" start="1596474925369" dump="1596474927282"/><package name="coverage/loteria/model"><class name="coverage/loteria/model/CartonGenerator"><method name="&lt;init&gt;" desc="()V" line="9"><counter type="INSTRUCTION" missed="0" covered="8"/><counter type="LINE" missed="0" covered="3"/><counter type="COMPLEXITY" missed="0" covered="1"/><counter type="METHOD" missed="0" covered="1"/></method><method name="isGanador" desc="()Z" line="15"><counter type="INSTRUCTION" missed="2" covered="7"/><counter type="BRANCH" missed="1" covered="1"/><counter type="LINE" missed="0" covered="1"/><counter type="COMPLEXITY" missed="1" covered="1"/><counter type="METHOD" missed="0" covered="1"/></method><counter type="INSTRUCTION" missed="2" covered="15"/><counter type="BRANCH" missed="1" covered="1"/><counter type="LINE" missed="0" covered="4"/><counter type="COMPLEXITY" missed="1" covered="2"/><counter type="METHOD" missed="0" covered="2"/><counter type="CLASS" missed="0" covered="1"/></class><sourcefile name="CartonGenerator.java"><line nr="9" mi="0" ci="2" mb="0" cb="0"/><line nr="11" mi="0" ci="5" mb="0" cb="0"/><line nr="12" mi="0" ci="1" mb="0" cb="0"/><line nr="15" mi="2" ci="7" mb="1" cb="1"/><counter type="INSTRUCTION" missed="2" covered="15"/><counter type="BRANCH" missed="1" covered="1"/><counter type="LINE" missed="0" covered="4"/><counter type="COMPLEXITY" missed="1" covered="2"/><counter type="METHOD" missed="0" covered="2"/><counter type="CLASS" missed="0" covered="1"/></sourcefile><counter type="INSTRUCTION" missed="2" covered="15"/><counter type="BRANCH" missed="1" covered="1"/><counter type="LINE" missed="0" covered="4"/><counter type="COMPLEXITY" missed="1" covered="2"/><counter type="METHOD" missed="0" covered="2"/><counter type="CLASS" missed="0" covered="1"/></package><package name="coverage/loteria"><class name="coverage/loteria/Loteria"><method name="&lt;init&gt;" desc="(FILcoverage/loteria/model/CartonGenerator;)V" line="12"><counter type="INSTRUCTION" missed="0" covered="15"/><counter type="LINE" missed="0" covered="6"/><counter type="COMPLEXITY" missed="0" covered="1"/><counter type="METHOD" missed="0" covered="1"/></method><method name="getPozo" desc="()F" line="20"><counter type="INSTRUCTION" missed="3" covered="0"/><counter type="LINE" missed="1" covered="0"/><counter type="COMPLEXITY" missed="1" covered="0"/><counter type="METHOD" missed="1" covered="0"/></method><method name="getBoletos" desc="()I" line="24"><counter type="INSTRUCTION" missed="3" covered="0"/><counter type="LINE" missed="1" covered="0"/><counter type="COMPLEXITY" missed="1" covered="0"/><counter type="METHOD" missed="1" covered="0"/></method><method name="getGanadores" desc="()I" line="28"><counter type="INSTRUCTION" missed="3" covered="0"/><counter type="LINE" missed="1" covered="0"/><counter type="COMPLEXITY" missed="1" covered="0"/><counter type="METHOD" missed="1" covered="0"/></method><method name="jugada" desc="()V" line="33"><counter type="INSTRUCTION" missed="19" covered="0"/><counter type="BRANCH" missed="4" covered="0"/><counter type="LINE" missed="4" covered="0"/><counter type="COMPLEXITY" missed="3" covered="0"/><counter type="METHOD" missed="1" covered="0"/></method><method name="hayGanadorUnico" desc="()Z" line="43"><counter type="INSTRUCTION" missed="8" covered="0"/><counter type="BRANCH" missed="2" covered="0"/><counter type="LINE" missed="3" covered="0"/><counter type="COMPLEXITY" missed="2" covered="0"/><counter type="METHOD" missed="1" covered="0"/></method><method name="hayCuadrupleGanador" desc="()Z" line="51"><counter type="INSTRUCTION" missed="8" covered="0"/><counter type="BRANCH" missed="2" covered="0"/><counter type="LINE" missed="3" covered="0"/><counter type="COMPLEXITY" missed="2" covered="0"/><counter type="METHOD" missed="1" covered="0"/></method><counter type="INSTRUCTION" missed="44" covered="15"/><counter type="BRANCH" missed="8" covered="0"/><counter type="LINE" missed="13" covered="6"/><counter type="COMPLEXITY" missed="10" covered="1"/><counter type="METHOD" missed="6" covered="1"/><counter type="CLASS" missed="0" covered="1"/></class><sourcefile name="Loteria.java"><line nr="12" mi="0" ci="2" mb="0" cb="0"/><line nr="13" mi="0" ci="3" mb="0" cb="0"/><line nr="14" mi="0" ci="3" mb="0" cb="0"/><line nr="15" mi="0" ci="3" mb="0" cb="0"/><line nr="16" mi="0" ci="3" mb="0" cb="0"/><line nr="17" mi="0" ci="1" mb="0" cb="0"/><line nr="20" mi="3" ci="0" mb="0" cb="0"/><line nr="24" mi="3" ci="0" mb="0" cb="0"/><line nr="28" mi="3" ci="0" mb="0" cb="0"/><line nr="33" mi="8" ci="0" mb="2" cb="0"/><line nr="35" mi="4" ci="0" mb="2" cb="0"/><line nr="36" mi="6" ci="0" mb="0" cb="0"/><line nr="39" mi="1" ci="0" mb="0" cb="0"/><line nr="43" mi="4" ci="0" mb="2" cb="0"/><line nr="44" mi="2" ci="0" mb="0" cb="0"/><line nr="46" mi="2" ci="0" mb="0" cb="0"/><line nr="51" mi="4" ci="0" mb="2" cb="0"/><line nr="52" mi="2" ci="0" mb="0" cb="0"/><line nr="54" mi="2" ci="0" mb="0" cb="0"/><counter type="INSTRUCTION" missed="44" covered="15"/><counter type="BRANCH" missed="8" covered="0"/><counter type="LINE" missed="13" covered="6"/><counter type="COMPLEXITY" missed="10" covered="1"/><counter type="METHOD" missed="6" covered="1"/><counter type="CLASS" missed="0" covered="1"/></sourcefile><counter type="INSTRUCTION" missed="44" covered="15"/><counter type="BRANCH" missed="8" covered="0"/><counter type="LINE" missed="13" covered="6"/><counter type="COMPLEXITY" missed="10" covered="1"/><counter type="METHOD" missed="6" covered="1"/><counter type="CLASS" missed="0" covered="1"/></package><counter type="INSTRUCTION" missed="46" covered="30"/><counter type="BRANCH" missed="9" covered="1"/><counter type="LINE" missed="13" covered="10"/><counter type="COMPLEXITY" missed="11" covered="3"/><counter type="METHOD" missed="6" covered="3"/><counter type="CLASS" missed="0" covered="2"/></report>