<?xml version="1.0" encoding="UTF-8"?>
<testsuite xmlns:xsi="http://www.w3.org/2001/XMLSchema-instance" xsi:schemaLocation="https://maven.apache.org/surefire/maven-surefire-plugin/xsd/surefire-test-report.xsd" name="com.globallogic.bootcampgl.junitTest.AppTest" time="0.096" tests="1" errors="0" skipped="0" failures="1">
  <properties>
[...]
</properties>
  <testcase name="test" classname="com.globallogic.bootcampgl.junitTest.AppTest" time="0.025">
    <failure message="El resultado esta mal : ==&gt; expected: &lt;true&gt; but was: &lt;false&gt;" type="org.opentest4j.AssertionFailedError"><![CDATA[org.opentest4j.AssertionFailedError: El resultado esta mal : ==> expected: <true> but was: <false>
	at com.globallogic.bootcampgl.junitTest.AppTest.test(AppTest.java:24)
]]></failure>
  </testcase>
</testsuite>